Determining if the include file xlocale.h exists failed with the following output:
Change Dir: /home/alan/Escritorio/tesis/pin/source/tools/pinjection/ejecutables/tiny-web-server/json-c-build/CMakeFiles/CMakeTmp

Run Build Command:"/usr/bin/make" "cmTC_f0613/fast"
/usr/bin/make -f CMakeFiles/cmTC_f0613.dir/build.make CMakeFiles/cmTC_f0613.dir/build
make[1]: se entra en el directorio '/home/alan/Escritorio/tesis/pin/source/tools/pinjection/ejecutables/tiny-web-server/json-c-build/CMakeFiles/CMakeTmp'
Building C object CMakeFiles/cmTC_f0613.dir/CheckIncludeFile.c.o
/usr/bin/cc -D_GNU_SOURCE   -o CMakeFiles/cmTC_f0613.dir/CheckIncludeFile.c.o   -c /home/alan/Escritorio/tesis/pin/source/tools/pinjection/ejecutables/tiny-web-server/json-c-build/CMakeFiles/CMakeTmp/CheckIncludeFile.c
/home/alan/Escritorio/tesis/pin/source/tools/pinjection/ejecutables/tiny-web-server/json-c-build/CMakeFiles/CMakeTmp/CheckIncludeFile.c:1:10: fatal error: xlocale.h: No existe el archivo o el directorio
 #include <xlocale.h>
          ^~~~~~~~~~~
compilation terminated.
CMakeFiles/cmTC_f0613.dir/build.make:65: recipe for target 'CMakeFiles/cmTC_f0613.dir/CheckIncludeFile.c.o' failed
make[1]: *** [CMakeFiles/cmTC_f0613.dir/CheckIncludeFile.c.o] Error 1
make[1]: se sale del directorio '/home/alan/Escritorio/tesis/pin/source/tools/pinjection/ejecutables/tiny-web-server/json-c-build/CMakeFiles/CMakeTmp'
Makefile:126: recipe for target 'cmTC_f0613/fast' failed
make: *** [cmTC_f0613/fast] Error 2


Determining if the _isnan exist failed with the following output:
Change Dir: /home/alan/Escritorio/tesis/pin/source/tools/pinjection/ejecutables/tiny-web-server/json-c-build/CMakeFiles/CMakeTmp

Run Build Command:"/usr/bin/make" "cmTC_24f84/fast"
/usr/bin/make -f CMakeFiles/cmTC_24f84.dir/build.make CMakeFiles/cmTC_24f84.dir/build
make[1]: se entra en el directorio '/home/alan/Escritorio/tesis/pin/source/tools/pinjection/ejecutables/tiny-web-server/json-c-build/CMakeFiles/CMakeTmp'
Building C object CMakeFiles/cmTC_24f84.dir/CheckSymbolExists.c.o
/usr/bin/cc -D_GNU_SOURCE   -o CMakeFiles/cmTC_24f84.dir/CheckSymbolExists.c.o   -c /home/alan/Escritorio/tesis/pin/source/tools/pinjection/ejecutables/tiny-web-server/json-c-build/CMakeFiles/CMakeTmp/CheckSymbolExists.c
/home/alan/Escritorio/tesis/pin/source/tools/pinjection/ejecutables/tiny-web-server/json-c-build/CMakeFiles/CMakeTmp/CheckSymbolExists.c: In function ‘main’:
/home/alan/Escritorio/tesis/pin/source/tools/pinjection/ejecutables/tiny-web-server/json-c-build/CMakeFiles/CMakeTmp/CheckSymbolExists.c:8:19: error: ‘_isnan’ undeclared (first use in this function)
   return ((int*)(&_isnan))[argc];
                   ^~~~~~
/home/alan/Escritorio/tesis/pin/source/tools/pinjection/ejecutables/tiny-web-server/json-c-build/CMakeFiles/CMakeTmp/CheckSymbolExists.c:8:19: note: each undeclared identifier is reported only once for each function it appears in
CMakeFiles/cmTC_24f84.dir/build.make:65: recipe for target 'CMakeFiles/cmTC_24f84.dir/CheckSymbolExists.c.o' failed
make[1]: *** [CMakeFiles/cmTC_24f84.dir/CheckSymbolExists.c.o] Error 1
make[1]: se sale del directorio '/home/alan/Escritorio/tesis/pin/source/tools/pinjection/ejecutables/tiny-web-server/json-c-build/CMakeFiles/CMakeTmp'
Makefile:126: recipe for target 'cmTC_24f84/fast' failed
make: *** [cmTC_24f84/fast] Error 2

File /home/alan/Escritorio/tesis/pin/source/tools/pinjection/ejecutables/tiny-web-server/json-c-build/CMakeFiles/CMakeTmp/CheckSymbolExists.c:
/* */
#include <float.h>

int main(int argc, char** argv)
{
  (void)argv;
#ifndef _isnan
  return ((int*)(&_isnan))[argc];
#else
  (void)argc;
  return 0;
#endif
}

Determining if the _finite exist failed with the following output:
Change Dir: /home/alan/Escritorio/tesis/pin/source/tools/pinjection/ejecutables/tiny-web-server/json-c-build/CMakeFiles/CMakeTmp

Run Build Command:"/usr/bin/make" "cmTC_242df/fast"
/usr/bin/make -f CMakeFiles/cmTC_242df.dir/build.make CMakeFiles/cmTC_242df.dir/build
make[1]: se entra en el directorio '/home/alan/Escritorio/tesis/pin/source/tools/pinjection/ejecutables/tiny-web-server/json-c-build/CMakeFiles/CMakeTmp'
Building C object CMakeFiles/cmTC_242df.dir/CheckSymbolExists.c.o
/usr/bin/cc -D_GNU_SOURCE   -o CMakeFiles/cmTC_242df.dir/CheckSymbolExists.c.o   -c /home/alan/Escritorio/tesis/pin/source/tools/pinjection/ejecutables/tiny-web-server/json-c-build/CMakeFiles/CMakeTmp/CheckSymbolExists.c
/home/alan/Escritorio/tesis/pin/source/tools/pinjection/ejecutables/tiny-web-server/json-c-build/CMakeFiles/CMakeTmp/CheckSymbolExists.c: In function ‘main’:
/home/alan/Escritorio/tesis/pin/source/tools/pinjection/ejecutables/tiny-web-server/json-c-build/CMakeFiles/CMakeTmp/CheckSymbolExists.c:8:19: error: ‘_finite’ undeclared (first use in this function)
   return ((int*)(&_finite))[argc];
                   ^~~~~~~
/home/alan/Escritorio/tesis/pin/source/tools/pinjection/ejecutables/tiny-web-server/json-c-build/CMakeFiles/CMakeTmp/CheckSymbolExists.c:8:19: note: each undeclared identifier is reported only once for each function it appears in
CMakeFiles/cmTC_242df.dir/build.make:65: recipe for target 'CMakeFiles/cmTC_242df.dir/CheckSymbolExists.c.o' failed
make[1]: *** [CMakeFiles/cmTC_242df.dir/CheckSymbolExists.c.o] Error 1
make[1]: se sale del directorio '/home/alan/Escritorio/tesis/pin/source/tools/pinjection/ejecutables/tiny-web-server/json-c-build/CMakeFiles/CMakeTmp'
Makefile:126: recipe for target 'cmTC_242df/fast' failed
make: *** [cmTC_242df/fast] Error 2

File /home/alan/Escritorio/tesis/pin/source/tools/pinjection/ejecutables/tiny-web-server/json-c-build/CMakeFiles/CMakeTmp/CheckSymbolExists.c:
/* */
#include <float.h>

int main(int argc, char** argv)
{
  (void)argv;
#ifndef _finite
  return ((int*)(&_finite))[argc];
#else
  (void)argc;
  return 0;
#endif
}

Determining if the _doprnt exist failed with the following output:
Change Dir: /home/alan/Escritorio/tesis/pin/source/tools/pinjection/ejecutables/tiny-web-server/json-c-build/CMakeFiles/CMakeTmp

Run Build Command:"/usr/bin/make" "cmTC_5a1e6/fast"
/usr/bin/make -f CMakeFiles/cmTC_5a1e6.dir/build.make CMakeFiles/cmTC_5a1e6.dir/build
make[1]: se entra en el directorio '/home/alan/Escritorio/tesis/pin/source/tools/pinjection/ejecutables/tiny-web-server/json-c-build/CMakeFiles/CMakeTmp'
Building C object CMakeFiles/cmTC_5a1e6.dir/CheckSymbolExists.c.o
/usr/bin/cc -D_GNU_SOURCE   -o CMakeFiles/cmTC_5a1e6.dir/CheckSymbolExists.c.o   -c /home/alan/Escritorio/tesis/pin/source/tools/pinjection/ejecutables/tiny-web-server/json-c-build/CMakeFiles/CMakeTmp/CheckSymbolExists.c
/home/alan/Escritorio/tesis/pin/source/tools/pinjection/ejecutables/tiny-web-server/json-c-build/CMakeFiles/CMakeTmp/CheckSymbolExists.c: In function ‘main’:
/home/alan/Escritorio/tesis/pin/source/tools/pinjection/ejecutables/tiny-web-server/json-c-build/CMakeFiles/CMakeTmp/CheckSymbolExists.c:8:19: error: ‘_doprnt’ undeclared (first use in this function); did you mean ‘fdopen’?
   return ((int*)(&_doprnt))[argc];
                   ^~~~~~~
                   fdopen
/home/alan/Escritorio/tesis/pin/source/tools/pinjection/ejecutables/tiny-web-server/json-c-build/CMakeFiles/CMakeTmp/CheckSymbolExists.c:8:19: note: each undeclared identifier is reported only once for each function it appears in
CMakeFiles/cmTC_5a1e6.dir/build.make:65: recipe for target 'CMakeFiles/cmTC_5a1e6.dir/CheckSymbolExists.c.o' failed
make[1]: *** [CMakeFiles/cmTC_5a1e6.dir/CheckSymbolExists.c.o] Error 1
make[1]: se sale del directorio '/home/alan/Escritorio/tesis/pin/source/tools/pinjection/ejecutables/tiny-web-server/json-c-build/CMakeFiles/CMakeTmp'
Makefile:126: recipe for target 'cmTC_5a1e6/fast' failed
make: *** [cmTC_5a1e6/fast] Error 2

File /home/alan/Escritorio/tesis/pin/source/tools/pinjection/ejecutables/tiny-web-server/json-c-build/CMakeFiles/CMakeTmp/CheckSymbolExists.c:
/* */
#include <stdio.h>

int main(int argc, char** argv)
{
  (void)argv;
#ifndef _doprnt
  return ((int*)(&_doprnt))[argc];
#else
  (void)argc;
  return 0;
#endif
}

Performing C SOURCE FILE Test HAS_GNU_WARNING_LONG failed with the following output:
Change Dir: /home/alan/Escritorio/tesis/pin/source/tools/pinjection/ejecutables/tiny-web-server/json-c-build/CMakeFiles/CMakeTmp

Run Build Command:"/usr/bin/make" "cmTC_b4a35/fast"
/usr/bin/make -f CMakeFiles/cmTC_b4a35.dir/build.make CMakeFiles/cmTC_b4a35.dir/build
make[1]: se entra en el directorio '/home/alan/Escritorio/tesis/pin/source/tools/pinjection/ejecutables/tiny-web-server/json-c-build/CMakeFiles/CMakeTmp'
Building C object CMakeFiles/cmTC_b4a35.dir/src.c.o
/usr/bin/cc -D_GNU_SOURCE  -DHAS_GNU_WARNING_LONG   -o CMakeFiles/cmTC_b4a35.dir/src.c.o   -c /home/alan/Escritorio/tesis/pin/source/tools/pinjection/ejecutables/tiny-web-server/json-c-build/CMakeFiles/CMakeTmp/src.c
/home/alan/Escritorio/tesis/pin/source/tools/pinjection/ejecutables/tiny-web-server/json-c-build/CMakeFiles/CMakeTmp/src.c:3:9: warning: missing terminating " character
 __asm__(".section .gnu.json_object_get
         ^
/home/alan/Escritorio/tesis/pin/source/tools/pinjection/ejecutables/tiny-web-server/json-c-build/CMakeFiles/CMakeTmp/src.c:3:9: error: missing terminating " character
 __asm__(".section .gnu.json_object_get
         ^~~~~~~~~~~~~~~~~~~~~~~~~~~~~~
/home/alan/Escritorio/tesis/pin/source/tools/pinjection/ejecutables/tiny-web-server/json-c-build/CMakeFiles/CMakeTmp/src.c:4:2: error: expected string literal before ‘.’ token
  .ascii "Please link against libjson-c instead of libjson"
  ^
/home/alan/Escritorio/tesis/pin/source/tools/pinjection/ejecutables/tiny-web-server/json-c-build/CMakeFiles/CMakeTmp/src.c:5:7: warning: missing terminating " character
  .text");
       ^
/home/alan/Escritorio/tesis/pin/source/tools/pinjection/ejecutables/tiny-web-server/json-c-build/CMakeFiles/CMakeTmp/src.c:5:7: error: missing terminating " character
  .text");
       ^~~
CMakeFiles/cmTC_b4a35.dir/build.make:65: recipe for target 'CMakeFiles/cmTC_b4a35.dir/src.c.o' failed
make[1]: *** [CMakeFiles/cmTC_b4a35.dir/src.c.o] Error 1
make[1]: se sale del directorio '/home/alan/Escritorio/tesis/pin/source/tools/pinjection/ejecutables/tiny-web-server/json-c-build/CMakeFiles/CMakeTmp'
Makefile:126: recipe for target 'cmTC_b4a35/fast' failed
make: *** [cmTC_b4a35/fast] Error 2

Source file was:

extern void json_object_get();
__asm__(".section .gnu.json_object_get
	.ascii "Please link against libjson-c instead of libjson"
	.text");
int main(int c, char *v) { return 0;}

